{
  "stats": {
    "suites": 1,
    "tests": 1,
    "passes": 1,
    "pending": 0,
    "failures": 0,
    "start": "2025-05-06T18:23:41.001Z",
    "end": "2025-05-06T18:23:48.495Z",
    "duration": 7494,
    "testsRegistered": 1,
    "passPercent": 100,
    "pendingPercent": 0,
    "other": 0,
    "hasOther": false,
    "skipped": 0,
    "hasSkipped": false
  },
  "results": [
    {
      "uuid": "b363d3d6-def8-4716-a793-c980410285b2",
      "title": "",
      "fullFile": "cypress\\e2e\\InvalidLogin.cy.js",
      "file": "cypress\\e2e\\InvalidLogin.cy.js",
      "beforeHooks": [],
      "afterHooks": [],
      "tests": [],
      "suites": [
        {
          "uuid": "984cac29-fdbe-4407-b52f-9a94847fd65d",
          "title": "Test the Invalid Login Functionality",
          "fullFile": "",
          "file": "",
          "beforeHooks": [],
          "afterHooks": [],
          "tests": [
            {
              "title": "Not login into the website",
              "fullTitle": "Test the Invalid Login Functionality Not login into the website",
              "timedOut": null,
              "duration": 3241,
              "state": "passed",
              "speed": "fast",
              "pass": true,
              "fail": false,
              "pending": false,
              "context": null,
              "code": "cy.visit('https://www.saucedemo.com');\nLogin_Element.username('standard_user12');\nLogin_Element.password('secret_sauce');\nLogin_Element.LoginButton();\n//Assert to verify that error message\ncy.get('.error-message-container').should('be.visible').and('contain', 'Epic sadface: Username and password do not match any user in this service');",
              "err": {},
              "uuid": "db1d372f-2638-4e40-99d0-377eb923888d",
              "parentUUID": "984cac29-fdbe-4407-b52f-9a94847fd65d",
              "isHook": false,
              "skipped": false
            }
          ],
          "suites": [],
          "passes": [
            "db1d372f-2638-4e40-99d0-377eb923888d"
          ],
          "failures": [],
          "pending": [],
          "skipped": [],
          "duration": 3241,
          "root": false,
          "rootEmpty": false,
          "_timeout": 2000
        }
      ],
      "passes": [],
      "failures": [],
      "pending": [],
      "skipped": [],
      "duration": 0,
      "root": true,
      "rootEmpty": true,
      "_timeout": 2000
    }
  ],
  "meta": {
    "mocha": {
      "version": "7.2.0"
    },
    "mochawesome": {
      "options": {
        "quiet": false,
        "reportFilename": "mochawesome",
        "saveHtml": true,
        "saveJson": true,
        "consoleReporter": "spec",
        "useInlineDiffs": false,
        "code": true
      },
      "version": "7.1.3"
    },
    "marge": {
      "options": {
        "overwrite": false
      },
      "version": "6.2.0"
    }
  }
}